checking for -Werror=unknown-warning-option... no
Failed commandline was:
--------------------------------------------------
/Android/Sdk/ndk/android-ndk-r14b/toolchains/arm-linux-androideabi-4.9/prebuilt/linux-x86_64/bin/arm-linux-androideabi-gcc conftest.c  -Wall -I. -I$(SRCPATH) --sysroot=/Android/Sdk/ndk/android-ndk-r14b/platforms/android-16/arch-arm   -Werror=unknown-warning-option   --sysroot=/Android/Sdk/ndk/android-ndk-r14b/platforms/android-16/arch-arm -o conftest
cc1: error: -Werror=unknown-warning-option: no option -Wunknown-warning-option
--------------------------------------------------
Failed program was:
--------------------------------------------------
int main (void) {  return 0; }
--------------------------------------------------
checking for -Werror=unknown-attributes... no
Failed commandline was:
--------------------------------------------------
/Android/Sdk/ndk/android-ndk-r14b/toolchains/arm-linux-androideabi-4.9/prebuilt/linux-x86_64/bin/arm-linux-androideabi-gcc conftest.c  -Wall -I. -I$(SRCPATH) --sysroot=/Android/Sdk/ndk/android-ndk-r14b/platforms/android-16/arch-arm   -Werror=unknown-attributes   --sysroot=/Android/Sdk/ndk/android-ndk-r14b/platforms/android-16/arch-arm -o conftest
cc1: error: -Werror=unknown-attributes: no option -Wunknown-attributes
--------------------------------------------------
Failed program was:
--------------------------------------------------
int main (void) {  return 0; }
--------------------------------------------------
checking for -Werror=attributes... yes
checking for -Werror=ignored-attributes... no
Failed commandline was:
--------------------------------------------------
/Android/Sdk/ndk/android-ndk-r14b/toolchains/arm-linux-androideabi-4.9/prebuilt/linux-x86_64/bin/arm-linux-androideabi-gcc conftest.c  -Wall -I. -I$(SRCPATH) --sysroot=/Android/Sdk/ndk/android-ndk-r14b/platforms/android-16/arch-arm   -Werror=attributes -Werror=ignored-attributes   --sysroot=/Android/Sdk/ndk/android-ndk-r14b/platforms/android-16/arch-arm -o conftest
cc1: error: -Werror=ignored-attributes: no option -Wignored-attributes
--------------------------------------------------
Failed program was:
--------------------------------------------------
int main (void) {  return 0; }
--------------------------------------------------
x264 configure script
Command line options: "--prefix=/home/kalu/Downloads/ffmpeg-5.1.1-2/build/x264/android/arm" "--enable-static" "--enable-pic" "--host=arm-linux" "--cross-prefix=/Android/Sdk/ndk/android-ndk-r14b/toolchains/arm-linux-androideabi-4.9/prebuilt/linux-x86_64/bin/arm-linux-androideabi-" "--sysroot=/Android/Sdk/ndk/android-ndk-r14b/platforms/android-16/arch-arm"

checking whether /Android/Sdk/ndk/android-ndk-r14b/toolchains/arm-linux-androideabi-4.9/prebuilt/linux-x86_64/bin/arm-linux-androideabi-gcc works... yes
checking whether /Android/Sdk/ndk/android-ndk-r14b/toolchains/arm-linux-androideabi-4.9/prebuilt/linux-x86_64/bin/arm-linux-androideabi-gcc supports for( int i = 0; i < 9; i++ ); with -std=gnu99... yes
checking whether /Android/Sdk/ndk/android-ndk-r14b/toolchains/arm-linux-androideabi-4.9/prebuilt/linux-x86_64/bin/arm-linux-androideabi-gcc supports __attribute__((force_align_arg_pointer))... no
Failed commandline was:
--------------------------------------------------
/Android/Sdk/ndk/android-ndk-r14b/toolchains/arm-linux-androideabi-4.9/prebuilt/linux-x86_64/bin/arm-linux-androideabi-gcc conftest.c  -Wall -I. -I$(SRCPATH) --sysroot=/Android/Sdk/ndk/android-ndk-r14b/platforms/android-16/arch-arm -std=gnu99 -D_GNU_SOURCE   -Werror=attributes    --sysroot=/Android/Sdk/ndk/android-ndk-r14b/platforms/android-16/arch-arm -lm -o conftest
conftest.c:2:1: error: 'force_align_arg_pointer' attribute directive ignored [-Werror=attributes]
 int main (void) {  return 0; }
 ^
cc1: some warnings being treated as errors
--------------------------------------------------
Failed program was:
--------------------------------------------------
__attribute__((force_align_arg_pointer))
int main (void) {  return 0; }
--------------------------------------------------
checking whether /Android/Sdk/ndk/android-ndk-r14b/toolchains/arm-linux-androideabi-4.9/prebuilt/linux-x86_64/bin/arm-linux-androideabi-gcc supports __asm__("add r0, r1, r2");... yes
checking whether /Android/Sdk/ndk/android-ndk-r14b/toolchains/arm-linux-androideabi-4.9/prebuilt/linux-x86_64/bin/arm-linux-androideabi-gcc supports __asm__("rev ip, ip");... yes
checking whether /Android/Sdk/ndk/android-ndk-r14b/toolchains/arm-linux-androideabi-4.9/prebuilt/linux-x86_64/bin/arm-linux-androideabi-gcc supports __asm__("movt r0, #0");... yes
checking whether /Android/Sdk/ndk/android-ndk-r14b/toolchains/arm-linux-androideabi-4.9/prebuilt/linux-x86_64/bin/arm-linux-androideabi-gcc supports __asm__("vadd.i16 q0, q0, q0");... no
Failed commandline was:
--------------------------------------------------
/Android/Sdk/ndk/android-ndk-r14b/toolchains/arm-linux-androideabi-4.9/prebuilt/linux-x86_64/bin/arm-linux-androideabi-gcc conftest.c  -Wall -I. -I$(SRCPATH) --sysroot=/Android/Sdk/ndk/android-ndk-r14b/platforms/android-16/arch-arm -std=gnu99 -D_GNU_SOURCE -mcpu=cortex-a8 -mfpu=neon   -Werror=attributes    --sysroot=/Android/Sdk/ndk/android-ndk-r14b/platforms/android-16/arch-arm -lm -o conftest
/tmp/ccdFop24.s: Assembler messages:
/tmp/ccdFop24.s:25: Error: selected processor does not support ARM mode `vadd.i16 q0,q0,q0'
--------------------------------------------------
Failed program was:
--------------------------------------------------
int main (void) { __asm__("vadd.i16 q0, q0, q0"); return 0; }
--------------------------------------------------
checking whether /Android/Sdk/ndk/android-ndk-r14b/toolchains/arm-linux-androideabi-4.9/prebuilt/linux-x86_64/bin/arm-linux-androideabi-gcc supports .func test
.endfunc... yes
checking for pthread_create(0,0,0,0); in pthread.h... no
Failed commandline was:
--------------------------------------------------
/Android/Sdk/ndk/android-ndk-r14b/toolchains/arm-linux-androideabi-4.9/prebuilt/linux-x86_64/bin/arm-linux-androideabi-gcc conftest.c  -Wall -I. -I$(SRCPATH) --sysroot=/Android/Sdk/ndk/android-ndk-r14b/platforms/android-16/arch-arm -std=gnu99 -D_GNU_SOURCE -mcpu=cortex-a8 -mfpu=neon   -Werror=attributes -lpthread   --sysroot=/Android/Sdk/ndk/android-ndk-r14b/platforms/android-16/arch-arm -lm -o conftest
/Android/Sdk/ndk/android-ndk-r14b/toolchains/arm-linux-androideabi-4.9/prebuilt/linux-x86_64/bin/../lib/gcc/arm-linux-androideabi/4.9.x/../../../../arm-linux-androideabi/bin/ld: error: cannot find -lpthread
collect2: error: ld returned 1 exit status
--------------------------------------------------
Failed program was:
--------------------------------------------------
#include <pthread.h>
int main (void) { pthread_create(0,0,0,0); return 0; }
--------------------------------------------------
checking for pthread_create(0,0,0,0); in pthread.h... yes
checking for cpu_set_t p_aff; return CPU_COUNT(&p_aff); in sched.h... no
Failed commandline was:
--------------------------------------------------
/Android/Sdk/ndk/android-ndk-r14b/toolchains/arm-linux-androideabi-4.9/prebuilt/linux-x86_64/bin/arm-linux-androideabi-gcc conftest.c  -Wall -I. -I$(SRCPATH) --sysroot=/Android/Sdk/ndk/android-ndk-r14b/platforms/android-16/arch-arm -std=gnu99 -D_GNU_SOURCE -mcpu=cortex-a8 -mfpu=neon   -Werror=attributes -D_GNU_SOURCE -Werror   --sysroot=/Android/Sdk/ndk/android-ndk-r14b/platforms/android-16/arch-arm -lm  -o conftest
conftest.c: In function 'main':
conftest.c:2:19: error: unknown type name 'cpu_set_t'
 int main (void) { cpu_set_t p_aff; return CPU_COUNT(&p_aff); return 0; }
                   ^
conftest.c:2:1: error: implicit declaration of function 'CPU_COUNT' [-Werror=implicit-function-declaration]
 int main (void) { cpu_set_t p_aff; return CPU_COUNT(&p_aff); return 0; }
 ^
cc1: all warnings being treated as errors
--------------------------------------------------
Failed program was:
--------------------------------------------------
#include <sched.h>
int main (void) { cpu_set_t p_aff; return CPU_COUNT(&p_aff); return 0; }
--------------------------------------------------
checking for volatile float x = 2; return log2f(x); in math.h... no
Failed commandline was:
--------------------------------------------------
/Android/Sdk/ndk/android-ndk-r14b/toolchains/arm-linux-androideabi-4.9/prebuilt/linux-x86_64/bin/arm-linux-androideabi-gcc conftest.c  -Wall -I. -I$(SRCPATH) --sysroot=/Android/Sdk/ndk/android-ndk-r14b/platforms/android-16/arch-arm -std=gnu99 -D_GNU_SOURCE -mcpu=cortex-a8 -mfpu=neon   -Werror=attributes    --sysroot=/Android/Sdk/ndk/android-ndk-r14b/platforms/android-16/arch-arm -lm  -o conftest
conftest.c: In function 'main':
conftest.c:2:1: warning: implicit declaration of function 'log2f' [-Wimplicit-function-declaration]
 int main (void) { volatile float x = 2; return log2f(x); return 0; }
 ^
conftest.c:2:48: warning: incompatible implicit declaration of built-in function 'log2f'
 int main (void) { volatile float x = 2; return log2f(x); return 0; }
                                                ^
/tmp/cczGKPz7.o:conftest.c:function main: error: undefined reference to 'log2f'
collect2: error: ld returned 1 exit status
--------------------------------------------------
Failed program was:
--------------------------------------------------
#include <math.h>
int main (void) { volatile float x = 2; return log2f(x); return 0; }
--------------------------------------------------
checking for strtok_r(0, 0, 0); in string.h... yes
checking for clock_gettime(CLOCK_MONOTONIC, 0); in time.h... yes
checking whether defined(MAP_PRIVATE) is true... yes
checking for packages: libswscale libavutil... no
Failed commandline was:
--------------------------------------------------
/Android/Sdk/ndk/android-ndk-r14b/toolchains/arm-linux-androideabi-4.9/prebuilt/linux-x86_64/bin/arm-linux-androideabi-pkg-config --exists libswscale libavutil
./configure:行270: /Android/Sdk/ndk/android-ndk-r14b/toolchains/arm-linux-androideabi-4.9/prebuilt/linux-x86_64/bin/arm-linux-androideabi-pkg-config: 没有那个文件或目录
--------------------------------------------------
checking for sws_init_context(0,0,0); in libswscale/swscale.h... no
Failed commandline was:
--------------------------------------------------
/Android/Sdk/ndk/android-ndk-r14b/toolchains/arm-linux-androideabi-4.9/prebuilt/linux-x86_64/bin/arm-linux-androideabi-gcc conftest.c  -Wall -I. -I$(SRCPATH) --sysroot=/Android/Sdk/ndk/android-ndk-r14b/platforms/android-16/arch-arm -std=gnu99 -D_GNU_SOURCE -mcpu=cortex-a8 -mfpu=neon   -Werror=attributes  -lswscale -lavutil   --sysroot=/Android/Sdk/ndk/android-ndk-r14b/platforms/android-16/arch-arm -lm  -o conftest
conftest.c:1:32: fatal error: libswscale/swscale.h: No such file or directory
 #include <libswscale/swscale.h>
                                ^
compilation terminated.
--------------------------------------------------
Failed program was:
--------------------------------------------------
#include <libswscale/swscale.h>
int main (void) { sws_init_context(0,0,0); return 0; }
--------------------------------------------------
checking for packages: libavformat libavcodec libavutil... no
Failed commandline was:
--------------------------------------------------
/Android/Sdk/ndk/android-ndk-r14b/toolchains/arm-linux-androideabi-4.9/prebuilt/linux-x86_64/bin/arm-linux-androideabi-pkg-config --exists libavformat libavcodec libavutil
./configure:行270: /Android/Sdk/ndk/android-ndk-r14b/toolchains/arm-linux-androideabi-4.9/prebuilt/linux-x86_64/bin/arm-linux-androideabi-pkg-config: 没有那个文件或目录
--------------------------------------------------
checking for -lavformat... no
Failed commandline was:
--------------------------------------------------
/Android/Sdk/ndk/android-ndk-r14b/toolchains/arm-linux-androideabi-4.9/prebuilt/linux-x86_64/bin/arm-linux-androideabi-gcc conftest.c  -Wall -I. -I$(SRCPATH) --sysroot=/Android/Sdk/ndk/android-ndk-r14b/platforms/android-16/arch-arm -std=gnu99 -D_GNU_SOURCE -mcpu=cortex-a8 -mfpu=neon   -Werror=attributes -lavformat   --sysroot=/Android/Sdk/ndk/android-ndk-r14b/platforms/android-16/arch-arm -lm  -o conftest
/Android/Sdk/ndk/android-ndk-r14b/toolchains/arm-linux-androideabi-4.9/prebuilt/linux-x86_64/bin/../lib/gcc/arm-linux-androideabi/4.9.x/../../../../arm-linux-androideabi/bin/ld: error: cannot find -lavformat
collect2: error: ld returned 1 exit status
--------------------------------------------------
Failed program was:
--------------------------------------------------
int main (void) {  return 0; }
--------------------------------------------------
checking for av_demuxer_iterate(0); in libavformat/avformat.h... no
Failed commandline was:
--------------------------------------------------
/Android/Sdk/ndk/android-ndk-r14b/toolchains/arm-linux-androideabi-4.9/prebuilt/linux-x86_64/bin/arm-linux-androideabi-gcc conftest.c  -Wall -I. -I$(SRCPATH) --sysroot=/Android/Sdk/ndk/android-ndk-r14b/platforms/android-16/arch-arm -std=gnu99 -D_GNU_SOURCE -mcpu=cortex-a8 -mfpu=neon   -Werror=attributes     --sysroot=/Android/Sdk/ndk/android-ndk-r14b/platforms/android-16/arch-arm -lm  -o conftest
conftest.c:1:34: fatal error: libavformat/avformat.h: No such file or directory
 #include <libavformat/avformat.h>
                                  ^
compilation terminated.
--------------------------------------------------
Failed program was:
--------------------------------------------------
#include <libavformat/avformat.h>
int main (void) { av_demuxer_iterate(0); return 0; }
--------------------------------------------------
checking for packages: ffms2... no
Failed commandline was:
--------------------------------------------------
/Android/Sdk/ndk/android-ndk-r14b/toolchains/arm-linux-androideabi-4.9/prebuilt/linux-x86_64/bin/arm-linux-androideabi-pkg-config --exists ffms2
./configure:行270: /Android/Sdk/ndk/android-ndk-r14b/toolchains/arm-linux-androideabi-4.9/prebuilt/linux-x86_64/bin/arm-linux-androideabi-pkg-config: 没有那个文件或目录
--------------------------------------------------
checking for FFMS_DestroyVideoSource(0); in ffms.h... no
Failed commandline was:
--------------------------------------------------
/Android/Sdk/ndk/android-ndk-r14b/toolchains/arm-linux-androideabi-4.9/prebuilt/linux-x86_64/bin/arm-linux-androideabi-gcc conftest.c  -Wall -I. -I$(SRCPATH) --sysroot=/Android/Sdk/ndk/android-ndk-r14b/platforms/android-16/arch-arm -std=gnu99 -D_GNU_SOURCE -mcpu=cortex-a8 -mfpu=neon   -Werror=attributes  -lffms2   --sysroot=/Android/Sdk/ndk/android-ndk-r14b/platforms/android-16/arch-arm -lm  -o conftest
conftest.c:1:18: fatal error: ffms.h: No such file or directory
 #include <ffms.h>
                  ^
compilation terminated.
--------------------------------------------------
Failed program was:
--------------------------------------------------
#include <ffms.h>
int main (void) { FFMS_DestroyVideoSource(0); return 0; }
--------------------------------------------------
checking for FFMS_DestroyVideoSource(0); in ffms.h... no
Failed commandline was:
--------------------------------------------------
/Android/Sdk/ndk/android-ndk-r14b/toolchains/arm-linux-androideabi-4.9/prebuilt/linux-x86_64/bin/arm-linux-androideabi-gcc conftest.c  -Wall -I. -I$(SRCPATH) --sysroot=/Android/Sdk/ndk/android-ndk-r14b/platforms/android-16/arch-arm -std=gnu99 -D_GNU_SOURCE -mcpu=cortex-a8 -mfpu=neon   -Werror=attributes  -lffms2 -lstdc++    --sysroot=/Android/Sdk/ndk/android-ndk-r14b/platforms/android-16/arch-arm -lm  -o conftest
conftest.c:1:18: fatal error: ffms.h: No such file or directory
 #include <ffms.h>
                  ^
compilation terminated.
--------------------------------------------------
Failed program was:
--------------------------------------------------
#include <ffms.h>
int main (void) { FFMS_DestroyVideoSource(0); return 0; }
--------------------------------------------------
checking for packages: liblsmash... no
Failed commandline was:
--------------------------------------------------
/Android/Sdk/ndk/android-ndk-r14b/toolchains/arm-linux-androideabi-4.9/prebuilt/linux-x86_64/bin/arm-linux-androideabi-pkg-config --exists liblsmash
./configure:行270: /Android/Sdk/ndk/android-ndk-r14b/toolchains/arm-linux-androideabi-4.9/prebuilt/linux-x86_64/bin/arm-linux-androideabi-pkg-config: 没有那个文件或目录
--------------------------------------------------
checking for lsmash_destroy_root(0); in lsmash.h... no
Failed commandline was:
--------------------------------------------------
/Android/Sdk/ndk/android-ndk-r14b/toolchains/arm-linux-androideabi-4.9/prebuilt/linux-x86_64/bin/arm-linux-androideabi-gcc conftest.c  -Wall -I. -I$(SRCPATH) --sysroot=/Android/Sdk/ndk/android-ndk-r14b/platforms/android-16/arch-arm -std=gnu99 -D_GNU_SOURCE -mcpu=cortex-a8 -mfpu=neon   -Werror=attributes  -llsmash   --sysroot=/Android/Sdk/ndk/android-ndk-r14b/platforms/android-16/arch-arm -lm  -o conftest
conftest.c:1:20: fatal error: lsmash.h: No such file or directory
 #include <lsmash.h>
                    ^
compilation terminated.
--------------------------------------------------
Failed program was:
--------------------------------------------------
#include <lsmash.h>
int main (void) { lsmash_destroy_root(0); return 0; }
--------------------------------------------------
checking for packages: gpac... no
Failed commandline was:
--------------------------------------------------
/Android/Sdk/ndk/android-ndk-r14b/toolchains/arm-linux-androideabi-4.9/prebuilt/linux-x86_64/bin/arm-linux-androideabi-pkg-config --exists gpac
./configure:行270: /Android/Sdk/ndk/android-ndk-r14b/toolchains/arm-linux-androideabi-4.9/prebuilt/linux-x86_64/bin/arm-linux-androideabi-pkg-config: 没有那个文件或目录
--------------------------------------------------
checking for -lz... yes
checking for -ldl... yes
checking for gf_isom_close(0); in gpac/isomedia.h... no
Failed commandline was:
--------------------------------------------------
/Android/Sdk/ndk/android-ndk-r14b/toolchains/arm-linux-androideabi-4.9/prebuilt/linux-x86_64/bin/arm-linux-androideabi-gcc conftest.c  -Wall -I. -I$(SRCPATH) --sysroot=/Android/Sdk/ndk/android-ndk-r14b/platforms/android-16/arch-arm -std=gnu99 -D_GNU_SOURCE -mcpu=cortex-a8 -mfpu=neon   -Werror=attributes  -lgpac_static -lz -ldl   --sysroot=/Android/Sdk/ndk/android-ndk-r14b/platforms/android-16/arch-arm -lm  -o conftest
conftest.c:1:27: fatal error: gpac/isomedia.h: No such file or directory
 #include <gpac/isomedia.h>
                           ^
compilation terminated.
--------------------------------------------------
Failed program was:
--------------------------------------------------
#include <gpac/isomedia.h>
int main (void) { gf_isom_close(0); return 0; }
--------------------------------------------------
checking for uint32_t test_vec __attribute__ ((vector_size (16))) = {0,1,2,3}; in stdint.h... yes
checking for stdio.h... yes
checking for -fno-tree-vectorize... yes
checking for fseeko(stdin,0,0); in stdio.h... yes
checking for -Wshadow... yes
checking for -Wmaybe-uninitialized... yes
checking for -fvisibility=hidden... yes

platform:       ARM
byte order:     little-endian
system:         LINUX
cli:            yes
libx264:        internal
shared:         no
static:         yes
bashcompletion: no
asm:            yes
interlaced:     yes
avs:            yes
lavf:           no
ffms:           no
mp4:            no
gpl:            yes
thread:         posix
opencl:         yes
filters:        crop select_every
lto:            no
debug:          no
gprof:          no
strip:          no
PIC:            yes
bit depth:      all
chroma format:  all
